20-Aug-2020 19:17:22.205 INFO [main] sun.reflect.NativeMethodAccessorImpl.invoke Server version name:   Apache Tomcat (TomEE)/9.0.20 (8.0.0-M3)
20-Aug-2020 19:17:22.205 INFO [main] sun.reflect.NativeMethodAccessorImpl.invoke Server built:          May 3 2019 22:26:00 UTC
20-Aug-2020 19:17:22.205 INFO [main] sun.reflect.NativeMethodAccessorImpl.invoke Server version number: 9.0.20.0
20-Aug-2020 19:17:22.205 INFO [main] sun.reflect.NativeMethodAccessorImpl.invoke OS Name:               Windows 10
20-Aug-2020 19:17:22.205 INFO [main] sun.reflect.NativeMethodAccessorImpl.invoke OS Version:            10.0
20-Aug-2020 19:17:22.205 INFO [main] sun.reflect.NativeMethodAccessorImpl.invoke Architecture:          amd64
20-Aug-2020 19:17:22.205 INFO [main] sun.reflect.NativeMethodAccessorImpl.invoke Java Home:             C:\Program Files\Java\jdk1.8.0_212\jre
20-Aug-2020 19:17:22.205 INFO [main] sun.reflect.NativeMethodAccessorImpl.invoke JVM Version:           1.8.0_212-b10
20-Aug-2020 19:17:22.206 INFO [main] sun.reflect.NativeMethodAccessorImpl.invoke JVM Vendor:            Oracle Corporation
20-Aug-2020 19:17:22.206 INFO [main] sun.reflect.NativeMethodAccessorImpl.invoke CATALINA_BASE:         C:\Users\kevin\OneDrive\Documentos\5 Quinto de TI\Desarrollo Basado en Plataformas\java-microservices\web\web\.distribution\apache-tomee
20-Aug-2020 19:17:22.206 INFO [main] sun.reflect.NativeMethodAccessorImpl.invoke CATALINA_HOME:         C:\Users\kevin\OneDrive\Documentos\5 Quinto de TI\Desarrollo Basado en Plataformas\java-microservices\web\web\.distribution\apache-tomee
20-Aug-2020 19:17:22.207 INFO [main] sun.reflect.NativeMethodAccessorImpl.invoke Command line argument: -Djava.util.logging.config.file=C:\Users\kevin\OneDrive\Documentos\5 Quinto de TI\Desarrollo Basado en Plataformas\java-microservices\web\web\.distribution\apache-tomee\conf\logging.properties
20-Aug-2020 19:17:22.207 INFO [main] sun.reflect.NativeMethodAccessorImpl.invoke Command line argument: -Djava.util.logging.manager=org.apache.juli.ClassLoaderLogManager
20-Aug-2020 19:17:22.207 INFO [main] sun.reflect.NativeMethodAccessorImpl.invoke Command line argument: -javaagent:C:\Users\kevin\OneDrive\Documentos\5 Quinto de TI\Desarrollo Basado en Plataformas\java-microservices\web\web\.distribution\apache-tomee\lib\openejb-javaagent.jar
20-Aug-2020 19:17:22.207 INFO [main] sun.reflect.NativeMethodAccessorImpl.invoke Command line argument: -Djdk.tls.ephemeralDHKeySize=2048
20-Aug-2020 19:17:22.208 INFO [main] sun.reflect.NativeMethodAccessorImpl.invoke Command line argument: -Djava.protocol.handler.pkgs=org.apache.catalina.webresources
20-Aug-2020 19:17:22.208 INFO [main] sun.reflect.DelegatingMethodAccessorImpl.invoke Command line argument: -Dorg.apache.catalina.STRICT_SERVLET_COMPLIANCE=false
20-Aug-2020 19:17:22.208 INFO [main] sun.reflect.DelegatingMethodAccessorImpl.invoke Command line argument: -Dopenejb.session.manager=org.apache.tomee.catalina.session.QuickSessionManager
20-Aug-2020 19:17:22.208 INFO [main] sun.reflect.DelegatingMethodAccessorImpl.invoke Command line argument: -Dtomee.remote.support=true
20-Aug-2020 19:17:22.208 INFO [main] sun.reflect.DelegatingMethodAccessorImpl.invoke Command line argument: -Dopenejb.system.apps=false
20-Aug-2020 19:17:22.208 INFO [main] sun.reflect.DelegatingMethodAccessorImpl.invoke Command line argument: -Dtomee.noshutdownhook=true
20-Aug-2020 19:17:22.208 INFO [main] sun.reflect.DelegatingMethodAccessorImpl.invoke Command line argument: -Dtomee.jsp-development=true
20-Aug-2020 19:17:22.208 INFO [main] sun.reflect.DelegatingMethodAccessorImpl.invoke Command line argument: -Dignore.endorsed.dirs=
20-Aug-2020 19:17:22.208 INFO [main] sun.reflect.DelegatingMethodAccessorImpl.invoke Command line argument: -Dcatalina.base=C:\Users\kevin\OneDrive\Documentos\5 Quinto de TI\Desarrollo Basado en Plataformas\java-microservices\web\web\.distribution\apache-tomee
20-Aug-2020 19:17:22.208 INFO [main] sun.reflect.DelegatingMethodAccessorImpl.invoke Command line argument: -Dcatalina.home=C:\Users\kevin\OneDrive\Documentos\5 Quinto de TI\Desarrollo Basado en Plataformas\java-microservices\web\web\.distribution\apache-tomee
20-Aug-2020 19:17:22.208 INFO [main] sun.reflect.DelegatingMethodAccessorImpl.invoke Command line argument: -Djava.io.tmpdir=C:\Users\kevin\OneDrive\Documentos\5 Quinto de TI\Desarrollo Basado en Plataformas\java-microservices\web\web\.distribution\apache-tomee\temp
20-Aug-2020 19:17:22.208 INFO [main] sun.reflect.DelegatingMethodAccessorImpl.invoke The APR based Apache Tomcat Native library which allows optimal performance in production environments was not found on the java.library.path: [C:\Program Files\Java\jdk1.8.0_212\bin;C:\WINDOWS\Sun\Java\bin;C:\WINDOWS\system32;C:\WINDOWS;C:\Users\kevin\bin;C:\Program Files\Git\mingw64\bin;C:\Program Files\Git\usr\local\bin;C:\Program Files\Git\usr\bin;C:\Program Files\Git\usr\bin;C:\Program Files\Git\mingw64\bin;C:\Program Files\Git\usr\bin;C:\Users\kevin\bin;C:\Program Files\Java\jre1.8.0_212\bin\server;C:\Program Files\Java\jre1.8.0_212\bin;C:\Program Files\Java\jre1.8.0_212\lib\amd64;C:\Program Files\MongoDB\Server\4.2\bin;C:\Program Files (x86)\Common Files\Oracle\Java\javapath;C:\apache-maven-3.6.1\bin;C:\Program Files\Java\jdk1.8.0_212\bin;C:\Program Files (x86)\Intel\Intel(R) Management Engine Components\iCLS;C:\Program Files\Intel\Intel(R) Management Engine Components\iCLS;C:\Windows\system32;C:\Windows;C:\Windows\System32\Wbem;C:\Windows\System32\WindowsPowerShell\v1.0;C:\Windows\System32\OpenSSH;C:\Program Files\NVIDIA Corporation\NVIDIA NvDLISR;C:\Program Files (x86)\NVIDIA Corporation\PhysX\Common;C:\Program Files (x86)\Intel\Intel(R) Management Engine Components\DAL;C:\Program Files\Intel\Intel(R) Management Engine Components\DAL;C:\Program Files (x86)\Intel\Intel(R) Management Engine Components\IPT;C:\Program Files\Intel\Intel(R) Management Engine Components\IPT;C:\Program Files\PuTTY;C:\Program Files\Git\cmd;C:\WINDOWS\system32;C:\WINDOWS;C:\WINDOWS\System32\Wbem;C:\WINDOWS\System32\WindowsPowerShell\v1.0;C:\WINDOWS\System32\OpenSSH;C:\Program Files\Microsoft SQL Server\Client SDK\ODBC\130\Tools\Binn;C:\Program Files (x86)\Microsoft SQL Server\140\Tools\Binn;C:\Program Files\Microsoft SQL Server\140\Tools\Binn;C:\Program Files\Microsoft SQL Server\140\DTS\Binn;C:\Program Files (x86)\Microsoft SQL Server\150\DTS\Binn;C:\Program Files\nodejs;C:\xampp\php;C:\ProgramData\chocolatey\bin;C:\Program Files\Docker\Docker\resources\bin;C:\ProgramData\DockerDesktop\version-bin;C:\HashiCorp\Vagrant\bin;C:\Program Files\Kubernetes\Minikube;C:\Program Files (x86)\gradle-6.5.1\bin;C:\Program Files\Java\jdk1.8.0_212\bin;C:\Program Files\apache-maven-3.6.3\bin;C:\Program Files (x86)\gradle-6.5.1\bin;C:\Users\kevin\AppData\Local\Programs\Python\Python38-32\Scripts;C:\Users\kevin\AppData\Local\Programs\Python\Python38-32;C:\Users\kevin\AppData\Local\Microsoft\WindowsApps;C:\Users\kevin\AppData\Local\Microsoft\WindowsApps;C:\Users\kevin\AppData\Local\Programs\Microsoft VS Code\bin;C:\Users\kevin\AppData\Roaming\npm;C:\Users\kevin\AppData\Local\Android\sdk\platform-tools;C:\Users\kevin\AppData\Local\Android\sdk\tools\bin;C:\Users\kevin\AppData\Local\Android\sdk\emulator;C:\Users\kevin\AppData\Local\Android\sdk\build-tools${version};C:\Users\kevin\OneDrive\Escritorio;C:\Program Files\Git\usr\bin\vendor_perl;C:\Program Files\Git\usr\bin\core_perl;.]
20-Aug-2020 19:17:22.450 INFO [main] sun.reflect.DelegatingMethodAccessorImpl.invoke Initializing ProtocolHandler ["http-nio-8080"]
20-Aug-2020 19:17:22.800 INFO [main] sun.reflect.DelegatingMethodAccessorImpl.invoke Initializing ProtocolHandler ["ajp-nio-8009"]
20-Aug-2020 19:17:23.003 INFO [main] org.apache.openejb.util.OptionsLog.info Using 'tomee.remote.support=true'
20-Aug-2020 19:17:23.010 INFO [main] org.apache.openejb.util.OptionsLog.info Using 'openejb.jdbc.datasource-creator=org.apache.tomee.jdbc.TomEEDataSourceCreator'
20-Aug-2020 19:17:23.087 INFO [main] org.apache.openejb.OpenEJB$Instance.<init> ********************************************************************************
20-Aug-2020 19:17:23.087 INFO [main] org.apache.openejb.OpenEJB$Instance.<init> OpenEJB http://tomee.apache.org/
20-Aug-2020 19:17:23.087 INFO [main] org.apache.openejb.OpenEJB$Instance.<init> Startup: Thu Aug 20 19:17:23 COT 2020
20-Aug-2020 19:17:23.087 INFO [main] org.apache.openejb.OpenEJB$Instance.<init> Copyright 1999-2018 (C) Apache OpenEJB Project, All Rights Reserved.
20-Aug-2020 19:17:23.088 INFO [main] org.apache.openejb.OpenEJB$Instance.<init> Version: 8.0.0-M3
20-Aug-2020 19:17:23.088 INFO [main] org.apache.openejb.OpenEJB$Instance.<init> Build date: 20190523
20-Aug-2020 19:17:23.088 INFO [main] org.apache.openejb.OpenEJB$Instance.<init> Build time: 12:13
20-Aug-2020 19:17:23.088 INFO [main] org.apache.openejb.OpenEJB$Instance.<init> ********************************************************************************
20-Aug-2020 19:17:23.088 INFO [main] org.apache.openejb.OpenEJB$Instance.<init> openejb.home = C:\Users\kevin\OneDrive\Documentos\5 Quinto de TI\Desarrollo Basado en Plataformas\java-microservices\web\web\.distribution\apache-tomee
20-Aug-2020 19:17:23.088 INFO [main] org.apache.openejb.OpenEJB$Instance.<init> openejb.base = C:\Users\kevin\OneDrive\Documentos\5 Quinto de TI\Desarrollo Basado en Plataformas\java-microservices\web\web\.distribution\apache-tomee
20-Aug-2020 19:17:23.090 INFO [main] org.apache.openejb.cdi.CdiBuilder.initializeOWB Created new singletonService org.apache.openejb.cdi.ThreadSingletonServiceImpl@5c909414
20-Aug-2020 19:17:23.093 INFO [main] org.apache.openejb.cdi.CdiBuilder.initializeOWB Succeeded in installing singleton service
20-Aug-2020 19:17:23.120 INFO [main] org.apache.openejb.config.ConfigurationFactory.init TomEE configuration file is 'C:\Users\kevin\OneDrive\Documentos\5 Quinto de TI\Desarrollo Basado en Plataformas\java-microservices\web\web\.distribution\apache-tomee\conf\tomee.xml'
20-Aug-2020 19:17:23.184 INFO [main] org.apache.openejb.config.ConfigurationFactory.configureService Configuring Service(id=Tomcat Security Service, type=SecurityService, provider-id=Tomcat Security Service)
20-Aug-2020 19:17:23.186 INFO [main] org.apache.openejb.config.ConfigurationFactory.configureService Configuring Service(id=Default Transaction Manager, type=TransactionManager, provider-id=Default Transaction Manager)
20-Aug-2020 19:17:23.190 INFO [main] org.apache.openejb.util.OptionsLog.info Using 'openejb.system.apps=false'
20-Aug-2020 19:17:23.190 INFO [main] org.apache.openejb.util.OptionsLog.info Using 'openejb.deployments.classpath=false'
20-Aug-2020 19:17:23.193 INFO [main] org.apache.openejb.assembler.classic.Assembler.createRecipe Creating TransactionManager(id=Default Transaction Manager)
20-Aug-2020 19:17:23.305 INFO [main] org.apache.openejb.assembler.classic.Assembler.createRecipe Creating SecurityService(id=Tomcat Security Service)
20-Aug-2020 19:17:23.365 INFO [main] org.apache.openejb.server.ServiceManager.initServer Creating ServerService(id=cxf-rs)
20-Aug-2020 19:17:23.478 INFO [main] org.apache.openejb.server.SimpleServiceManager.start   ** Bound Services **
20-Aug-2020 19:17:23.478 INFO [main] org.apache.openejb.server.SimpleServiceManager.printRow   NAME                 IP              PORT  
20-Aug-2020 19:17:23.478 INFO [main] org.apache.openejb.server.SimpleServiceManager.start -------
20-Aug-2020 19:17:23.478 INFO [main] org.apache.openejb.server.SimpleServiceManager.start Ready!
20-Aug-2020 19:17:23.478 INFO [main] org.apache.openejb.util.OptionsLog.info Using 'tomee.noshutdownhook=true'
20-Aug-2020 19:17:23.479 INFO [main] sun.reflect.DelegatingMethodAccessorImpl.invoke Server initialization in [1,439] milliseconds
20-Aug-2020 19:17:23.495 INFO [main] org.apache.tomee.catalina.OpenEJBNamingContextListener.bindResource Importing a Tomcat Resource with id 'UserDatabase' of type 'org.apache.catalina.UserDatabase'.
20-Aug-2020 19:17:23.495 INFO [main] org.apache.openejb.assembler.classic.Assembler.createRecipe Creating Resource(id=UserDatabase)
20-Aug-2020 19:17:23.504 INFO [main] sun.reflect.DelegatingMethodAccessorImpl.invoke Starting service [Catalina]
20-Aug-2020 19:17:23.504 INFO [main] sun.reflect.DelegatingMethodAccessorImpl.invoke Starting Servlet engine: [Apache Tomcat (TomEE)/9.0.20 (8.0.0-M3)]
20-Aug-2020 19:17:23.517 INFO [main] sun.reflect.DelegatingMethodAccessorImpl.invoke Deploying web application archive [C:\Users\kevin\OneDrive\Documentos\5 Quinto de TI\Desarrollo Basado en Plataformas\java-microservices\web\web\.distribution\apache-tomee\webapps\ROOT.war]
20-Aug-2020 19:17:23.521 INFO [main] org.apache.tomee.catalina.TomcatWebAppBuilder.init ------------------------- localhost -> /
20-Aug-2020 19:17:23.523 INFO [main] org.apache.openejb.util.JarExtractor.extract Extracting jar: C:\Users\kevin\OneDrive\Documentos\5 Quinto de TI\Desarrollo Basado en Plataformas\java-microservices\web\web\.distribution\apache-tomee\webapps\ROOT.war
20-Aug-2020 19:17:24.007 INFO [main] org.apache.openejb.util.JarExtractor.extract Extracted path: C:\Users\kevin\OneDrive\Documentos\5 Quinto de TI\Desarrollo Basado en Plataformas\java-microservices\web\web\.distribution\apache-tomee\webapps\ROOT
20-Aug-2020 19:17:24.007 INFO [main] org.apache.openejb.util.OptionsLog.info Using 'openejb.session.manager=org.apache.tomee.catalina.session.QuickSessionManager'
20-Aug-2020 19:17:24.133 INFO [main] org.apache.openejb.util.OptionsLog.info Using 'tomee.mp.scan=all'
20-Aug-2020 19:17:24.895 INFO [main] org.apache.openejb.config.ConfigurationFactory.configureApplication Configuring enterprise application: C:\Users\kevin\OneDrive\Documentos\5 Quinto de TI\Desarrollo Basado en Plataformas\java-microservices\web\web\.distribution\apache-tomee\webapps\ROOT
20-Aug-2020 19:17:25.463 INFO [main] org.apache.openejb.config.InitEjbDeployments.deploy Auto-deploying ejb PostRepository: EjbDeployment(deployment-id=PostRepository)
20-Aug-2020 19:17:25.466 INFO [main] org.apache.openejb.config.ConfigurationFactory.configureService Configuring Service(id=ROOT/jdbc/Datasource, type=Resource, provider-id=Default JDBC Database)
20-Aug-2020 19:17:25.467 INFO [main] org.apache.openejb.assembler.classic.Assembler.createRecipe Creating Resource(id=ROOT/jdbc/Datasource)
20-Aug-2020 19:17:35.220 INFO [main] org.apache.openejb.config.ConfigurationFactory.configureService Configuring Service(id=Default Stateless Container, type=Container, provider-id=Default Stateless Container)
20-Aug-2020 19:17:35.220 INFO [main] org.apache.openejb.config.AutoConfig.createContainer Auto-creating a container for bean PostRepository: Container(type=STATELESS, id=Default Stateless Container)
20-Aug-2020 19:17:35.221 INFO [main] org.apache.openejb.assembler.classic.Assembler.createRecipe Creating Container(id=Default Stateless Container)
20-Aug-2020 19:17:35.228 INFO [main] org.apache.openejb.config.AutoConfig.processResourceRef Auto-linking resource-ref 'openejb/Resource/ROOT/jdbc/Datasource' in bean PostRepository to Resource(id=ROOT/jdbc/Datasource)
20-Aug-2020 19:17:35.229 INFO [main] org.apache.openejb.config.AutoConfig.processResourceRef Auto-linking resource-ref 'openejb/Resource/jdbc/Datasource' in bean PostRepository to Resource(id=ROOT/jdbc/Datasource)
20-Aug-2020 19:17:35.229 INFO [main] org.apache.openejb.config.ConfigurationFactory.configureService Configuring Service(id=Default Managed Container, type=Container, provider-id=Default Managed Container)
20-Aug-2020 19:17:35.230 INFO [main] org.apache.openejb.config.AutoConfig.createContainer Auto-creating a container for bean .Comp1688526221: Container(type=MANAGED, id=Default Managed Container)
20-Aug-2020 19:17:35.230 INFO [main] org.apache.openejb.assembler.classic.Assembler.createRecipe Creating Container(id=Default Managed Container)
20-Aug-2020 19:17:35.236 INFO [main] org.apache.openejb.core.managed.SimplePassivater.init Using directory C:\Users\kevin\OneDrive\Documentos\5 Quinto de TI\Desarrollo Basado en Plataformas\java-microservices\web\web\.distribution\apache-tomee\temp for stateful session passivation
20-Aug-2020 19:17:35.243 INFO [main] org.apache.openejb.config.AutoConfig.processResourceRef Auto-linking resource-ref 'openejb/Resource/ROOT/jdbc/Datasource' in bean .Comp1688526221 to Resource(id=ROOT/jdbc/Datasource)
20-Aug-2020 19:17:35.243 INFO [main] org.apache.openejb.config.AutoConfig.processResourceRef Auto-linking resource-ref 'openejb/Resource/jdbc/Datasource' in bean .Comp1688526221 to Resource(id=ROOT/jdbc/Datasource)
20-Aug-2020 19:17:35.243 INFO [main] org.apache.openejb.config.AutoConfig.deploy Configuring PersistenceUnit(name=Persistence, provider=org.hibernate.jpa.HibernatePersistenceProvider)
20-Aug-2020 19:17:35.243 INFO [main] org.apache.openejb.config.AutoConfig.logAutoCreateResource Auto-creating a Resource with id 'ROOT/jdbc/DatasourceNonJta' of type 'DataSource for 'Persistence'.
20-Aug-2020 19:17:35.244 INFO [main] org.apache.openejb.config.AutoConfig.deploy Configuring Service(id=ROOT/jdbc/DatasourceNonJta, type=Resource, provider-id=ROOT/jdbc/Datasource)
20-Aug-2020 19:17:35.244 INFO [main] org.apache.openejb.assembler.classic.Assembler.createRecipe Creating Resource(id=ROOT/jdbc/DatasourceNonJta)
20-Aug-2020 19:17:44.125 INFO [main] org.apache.openejb.config.AutoConfig.setJtaDataSource Adjusting PersistenceUnit Persistence <jta-data-source> to Resource ID 'ROOT/jdbc/Datasource' from 'jdbc/Datasource'
20-Aug-2020 19:17:44.125 INFO [main] org.apache.openejb.config.AutoConfig.setNonJtaDataSource Adjusting PersistenceUnit Persistence <non-jta-data-source> to Resource ID 'ROOT/jdbc/DatasourceNonJta' from 'null'
20-Aug-2020 19:17:44.144 INFO [main] org.apache.openejb.config.AppInfoBuilder.build Enterprise application "C:\Users\kevin\OneDrive\Documentos\5 Quinto de TI\Desarrollo Basado en Plataformas\java-microservices\web\web\.distribution\apache-tomee\webapps\ROOT" loaded.
20-Aug-2020 19:17:44.148 INFO [main] org.apache.openejb.assembler.classic.Assembler.createApplication Assembling app: C:\Users\kevin\OneDrive\Documentos\5 Quinto de TI\Desarrollo Basado en Plataformas\java-microservices\web\web\.distribution\apache-tomee\webapps\ROOT
20-Aug-2020 19:17:44.216 INFO [main] org.apache.openejb.assembler.classic.JndiBuilder.bind Jndi(name=PostRepositoryLocalBean) --> Ejb(deployment-id=PostRepository)
20-Aug-2020 19:17:44.216 INFO [main] org.apache.openejb.assembler.classic.JndiBuilder.bind Jndi(name=global/PostRepository!edu.puce.web.repositories.PostRepository) --> Ejb(deployment-id=PostRepository)
20-Aug-2020 19:17:44.217 INFO [main] org.apache.openejb.assembler.classic.JndiBuilder.bind Jndi(name=global/PostRepository) --> Ejb(deployment-id=PostRepository)
20-Aug-2020 19:17:44.237 INFO [main] org.apache.openejb.cdi.CdiBuilder.initSingleton Existing thread singleton service in SystemInstance(): org.apache.openejb.cdi.ThreadSingletonServiceImpl@5c909414
20-Aug-2020 19:17:44.310 INFO [main] org.apache.openejb.cdi.OpenEJBLifecycle.startApplication OpenWebBeans Container is starting...
20-Aug-2020 19:17:44.315 INFO [main] org.apache.webbeans.plugins.PluginLoader.startUp Adding OpenWebBeansPlugin : [CdiPlugin]
20-Aug-2020 19:17:44.464 INFO [main] org.apache.openejb.cdi.CdiScanner.handleBda Using annotated mode for jar:file:/C:/Users/kevin/OneDrive/Documentos/5%20Quinto%20de%20TI/Desarrollo%20Basado%20en%20Plataformas/java-microservices/web/web/.distribution/apache-tomee/lib/geronimo-config-impl-1.2.1.jar!/META-INF/beans.xml looking all classes to find CDI beans, maybe think to add a beans.xml if not there or add the jar to exclusions.list
20-Aug-2020 19:17:44.837 INFO [main] org.apache.geronimo.config.configsource.PropertyFileConfigSourceProvider.<init> Custom config found by GeronimoConfig. Name: 'META-INF/microprofile-config.properties', URL: 'file:/C:/Users/kevin/OneDrive/Documentos/5%20Quinto%20de%20TI/Desarrollo%20Basado%20en%20Plataformas/java-microservices/web/web/.distribution/apache-tomee/webapps/ROOT/WEB-INF/classes/META-INF/microprofile-config.properties'
20-Aug-2020 19:17:44.843 INFO [main] org.apache.openejb.util.OptionsLog.info Using 'tomee.mp.scan=all'
20-Aug-2020 19:17:45.730 INFO [main] org.apache.webbeans.config.BeansDeployer.validateInjectionPoints All injection points were validated successfully.
20-Aug-2020 19:17:45.756 INFO [main] org.apache.openejb.cdi.OpenEJBLifecycle.startApplication OpenWebBeans Container has started, it took 1446 ms.
20-Aug-2020 19:17:45.770 INFO [main] org.apache.openejb.assembler.classic.Assembler.startEjbs Created Ejb(deployment-id=PostRepository, ejb-name=PostRepository, container=Default Stateless Container)
20-Aug-2020 19:17:45.785 INFO [main] org.apache.openejb.assembler.classic.Assembler.startEjbs Started Ejb(deployment-id=PostRepository, ejb-name=PostRepository, container=Default Stateless Container)
20-Aug-2020 19:17:45.790 INFO [main] org.apache.openejb.assembler.classic.Assembler.createApplication Deployed Application(path=C:\Users\kevin\OneDrive\Documentos\5 Quinto de TI\Desarrollo Basado en Plataformas\java-microservices\web\web\.distribution\apache-tomee\webapps\ROOT)
20-Aug-2020 19:17:45.936 INFO [main] org.apache.myfaces.ee.MyFacesContainerInitializer.onStartup Using org.apache.myfaces.ee.MyFacesContainerInitializer
20-Aug-2020 19:17:45.969 INFO [main] org.apache.myfaces.ee.MyFacesContainerInitializer.onStartup Added FacesServlet with mappings=[/faces/*, *.jsf, *.faces, *.xhtml]
20-Aug-2020 19:17:45.998 INFO [main] org.apache.jasper.servlet.TldScanner.scanJars At least one JAR was scanned for TLDs yet contained no TLDs. Enable debug logging for this logger for a complete list of JARs that were scanned but no TLDs were found in them. Skipping unneeded JARs during scanning can improve startup time and JSP compilation time.
20-Aug-2020 19:17:46.006 INFO [main] org.apache.tomee.myfaces.TomEEMyFacesContainerInitializer.addListener Installing <listener>org.apache.myfaces.webapp.StartupServletContextListener</listener>
20-Aug-2020 19:17:46.066 INFO [main] org.apache.myfaces.config.DefaultFacesConfigurationProvider.getStandardFacesConfig Reading standard config META-INF/standard-faces-config.xml
20-Aug-2020 19:17:46.237 INFO [main] org.apache.myfaces.config.DefaultFacesConfigurationProvider.getClassloaderFacesConfig Reading config : jar:file:/C:/Users/kevin/OneDrive/Documentos/5%20Quinto%20de%20TI/Desarrollo%20Basado%20en%20Plataformas/java-microservices/web/web/.distribution/apache-tomee/lib/openwebbeans-jsf-2.0.9.jar!/META-INF/faces-config.xml
20-Aug-2020 19:17:46.238 INFO [main] org.apache.myfaces.config.DefaultFacesConfigurationProvider.getClassloaderFacesConfig Reading config : jar:file:/C:/Users/kevin/OneDrive/Documentos/5%20Quinto%20de%20TI/Desarrollo%20Basado%20en%20Plataformas/java-microservices/web/web/.distribution/apache-tomee/lib/openwebbeans-el22-2.0.9.jar!/META-INF/faces-config.xml
20-Aug-2020 19:17:46.351 INFO [main] org.apache.myfaces.config.LogMetaInfUtils.logArtifact Artifact 'myfaces-api' was found in version '2.3.3' from path 'file:/C:/Users/kevin/OneDrive/Documentos/5%20Quinto%20de%20TI/Desarrollo%20Basado%20en%20Plataformas/java-microservices/web/web/.distribution/apache-tomee/lib/myfaces-api-2.3.3.jar'
20-Aug-2020 19:17:46.351 INFO [main] org.apache.myfaces.config.LogMetaInfUtils.logArtifact Artifact 'myfaces-impl' was found in version '2.3.3' from path 'file:/C:/Users/kevin/OneDrive/Documentos/5%20Quinto%20de%20TI/Desarrollo%20Basado%20en%20Plataformas/java-microservices/web/web/.distribution/apache-tomee/lib/myfaces-impl-2.3.3.jar'
20-Aug-2020 19:17:46.363 INFO [main] org.apache.myfaces.util.ExternalSpecifications.isCDIAvailable MyFaces CDI support enabled
20-Aug-2020 19:17:46.364 INFO [main] org.apache.myfaces.spi.impl.DefaultInjectionProviderFactory.getInjectionProvider Using InjectionProvider org.apache.myfaces.spi.impl.CDIAnnotationDelegateInjectionProvider
20-Aug-2020 19:17:46.408 INFO [main] org.apache.myfaces.util.ExternalSpecifications.isBeanValidationAvailable MyFaces Bean Validation support enabled
20-Aug-2020 19:17:46.441 INFO [main] org.apache.myfaces.application.ApplicationImpl.getProjectStage Couldn't discover the current project stage, using Production
20-Aug-2020 19:17:46.442 INFO [main] org.apache.myfaces.config.FacesConfigurator.handleSerialFactory Serialization provider : class org.apache.myfaces.shared_impl.util.serial.DefaultSerialFactory
20-Aug-2020 19:17:46.448 INFO [main] org.apache.myfaces.config.annotation.DefaultLifecycleProviderFactory.getLifecycleProvider Using LifecycleProvider org.apache.myfaces.config.annotation.Tomcat7AnnotationLifecycleProvider
20-Aug-2020 19:17:46.837 INFO [main] org.apache.myfaces.webapp.AbstractFacesInitializer.initFaces ServletContext initialized.
20-Aug-2020 19:17:46.840 INFO [main] org.apache.myfaces.view.facelets.ViewPoolProcessor.initialize org.apache.myfaces.CACHE_EL_EXPRESSIONS web config parameter is set to "noCache". To enable view pooling this param must be set to "alwaysRecompile". View Pooling disabled.
20-Aug-2020 19:17:46.851 INFO [main] org.apache.myfaces.webapp.StartupServletContextListener.contextInitialized MyFaces Core has started, it took [842] ms.
20-Aug-2020 19:17:46.868 INFO [main] org.apache.openejb.util.OptionsLog.info Using 'openejb.cxf-rs.cache-application=false'
20-Aug-2020 19:17:47.088 INFO [main] org.apache.openejb.server.cxf.rs.CxfRsHttpListener.deployApplication Using readers:
20-Aug-2020 19:17:47.088 INFO [main] org.apache.openejb.server.cxf.rs.CxfRsHttpListener.deployApplication      org.apache.cxf.jaxrs.provider.PrimitiveTextProvider@3fd9e01c
20-Aug-2020 19:17:47.088 INFO [main] org.apache.openejb.server.cxf.rs.CxfRsHttpListener.deployApplication      org.apache.cxf.jaxrs.provider.FormEncodingProvider@4d75c604
20-Aug-2020 19:17:47.088 INFO [main] org.apache.openejb.server.cxf.rs.CxfRsHttpListener.deployApplication      org.apache.cxf.jaxrs.provider.MultipartProvider@3265995e
20-Aug-2020 19:17:47.088 INFO [main] org.apache.openejb.server.cxf.rs.CxfRsHttpListener.deployApplication      org.apache.cxf.jaxrs.provider.SourceProvider@33f2eb04
20-Aug-2020 19:17:47.089 INFO [main] org.apache.openejb.server.cxf.rs.CxfRsHttpListener.deployApplication      org.apache.cxf.jaxrs.provider.JAXBElementTypedProvider@4df13dd0
20-Aug-2020 19:17:47.089 INFO [main] org.apache.openejb.server.cxf.rs.CxfRsHttpListener.deployApplication      org.apache.cxf.jaxrs.provider.JAXBElementProvider@2ed7978c
20-Aug-2020 19:17:47.089 INFO [main] org.apache.openejb.server.cxf.rs.CxfRsHttpListener.deployApplication      org.apache.openejb.server.cxf.rs.johnzon.TomEEJsonbProvider@41b66d1
20-Aug-2020 19:17:47.089 INFO [main] org.apache.openejb.server.cxf.rs.CxfRsHttpListener.deployApplication      org.apache.openejb.server.cxf.rs.johnzon.TomEEJsonpProvider@36330be8
20-Aug-2020 19:17:47.089 INFO [main] org.apache.openejb.server.cxf.rs.CxfRsHttpListener.deployApplication      org.apache.cxf.jaxrs.provider.StringTextProvider@38ba8b45
20-Aug-2020 19:17:47.089 INFO [main] org.apache.openejb.server.cxf.rs.CxfRsHttpListener.deployApplication      org.apache.cxf.jaxrs.provider.BinaryDataProvider@41f23499
20-Aug-2020 19:17:47.089 INFO [main] org.apache.openejb.server.cxf.rs.CxfRsHttpListener.deployApplication      org.apache.cxf.jaxrs.provider.DataSourceProvider@31dbf5bb
20-Aug-2020 19:17:47.089 INFO [main] org.apache.openejb.server.cxf.rs.CxfRsHttpListener.deployApplication Using writers:
20-Aug-2020 19:17:47.089 INFO [main] org.apache.openejb.server.cxf.rs.CxfRsHttpListener.deployApplication      org.apache.johnzon.jaxrs.WadlDocumentMessageBodyWriter@1f19d423
20-Aug-2020 19:17:47.089 INFO [main] org.apache.openejb.server.cxf.rs.CxfRsHttpListener.deployApplication      org.apache.cxf.jaxrs.nio.NioMessageBodyWriter@73958426
20-Aug-2020 19:17:47.089 INFO [main] org.apache.openejb.server.cxf.rs.CxfRsHttpListener.deployApplication      org.apache.cxf.jaxrs.provider.StringTextProvider@38ba8b45
20-Aug-2020 19:17:47.089 INFO [main] org.apache.openejb.server.cxf.rs.CxfRsHttpListener.deployApplication      org.apache.cxf.jaxrs.provider.JAXBElementTypedProvider@4df13dd0
20-Aug-2020 19:17:47.089 INFO [main] org.apache.openejb.server.cxf.rs.CxfRsHttpListener.deployApplication      org.apache.cxf.jaxrs.provider.PrimitiveTextProvider@3fd9e01c
20-Aug-2020 19:17:47.089 INFO [main] org.apache.openejb.server.cxf.rs.CxfRsHttpListener.deployApplication      org.apache.cxf.jaxrs.provider.FormEncodingProvider@4d75c604
20-Aug-2020 19:17:47.090 INFO [main] org.apache.openejb.server.cxf.rs.CxfRsHttpListener.deployApplication      org.apache.cxf.jaxrs.provider.MultipartProvider@3265995e
20-Aug-2020 19:17:47.090 INFO [main] org.apache.openejb.server.cxf.rs.CxfRsHttpListener.deployApplication      org.apache.geronimo.microprofile.openapi.jaxrs.JacksonOpenAPIYamlBodyWriter@23933031
20-Aug-2020 19:17:47.090 INFO [main] org.apache.openejb.server.cxf.rs.CxfRsHttpListener.deployApplication      org.apache.cxf.jaxrs.provider.SourceProvider@33f2eb04
20-Aug-2020 19:17:47.090 INFO [main] org.apache.openejb.server.cxf.rs.CxfRsHttpListener.deployApplication      org.apache.cxf.jaxrs.provider.JAXBElementProvider@2ed7978c
20-Aug-2020 19:17:47.090 INFO [main] org.apache.openejb.server.cxf.rs.CxfRsHttpListener.deployApplication      org.apache.openejb.server.cxf.rs.johnzon.TomEEJsonbProvider@41b66d1
20-Aug-2020 19:17:47.090 INFO [main] org.apache.openejb.server.cxf.rs.CxfRsHttpListener.deployApplication      org.apache.openejb.server.cxf.rs.johnzon.TomEEJsonpProvider@36330be8
20-Aug-2020 19:17:47.090 INFO [main] org.apache.openejb.server.cxf.rs.CxfRsHttpListener.deployApplication      org.apache.cxf.jaxrs.provider.BinaryDataProvider@41f23499
20-Aug-2020 19:17:47.090 INFO [main] org.apache.openejb.server.cxf.rs.CxfRsHttpListener.deployApplication      org.apache.cxf.jaxrs.provider.DataSourceProvider@31dbf5bb
20-Aug-2020 19:17:47.090 INFO [main] org.apache.openejb.server.cxf.rs.CxfRsHttpListener.deployApplication Using exception mappers:
20-Aug-2020 19:17:47.090 INFO [main] org.apache.openejb.server.cxf.rs.CxfRsHttpListener.deployApplication      org.apache.cxf.jaxrs.impl.WebApplicationExceptionMapper@2c2e5e72
20-Aug-2020 19:17:47.090 INFO [main] org.apache.openejb.server.cxf.rs.CxfRsHttpListener.deployApplication      org.apache.tomee.microprofile.jwt.MPJWTFilter$MPJWTExceptionMapper@3e489ac1
20-Aug-2020 19:17:47.090 INFO [main] org.apache.openejb.server.cxf.rs.CxfRsHttpListener.deployApplication      org.apache.openejb.server.cxf.rs.EJBExceptionMapper@2aa811f9
20-Aug-2020 19:17:47.090 INFO [main] org.apache.openejb.server.cxf.rs.CxfRsHttpListener.deployApplication      org.apache.cxf.jaxrs.validation.ValidationExceptionMapper@26888c31
20-Aug-2020 19:17:47.092 INFO [main] org.apache.openejb.server.cxf.rs.CxfRsHttpListener.logEndpoints REST Application: http://localhost:8080/data                             -> edu.puce.web.WebRestApplication@7ef60c02
20-Aug-2020 19:17:47.094 INFO [main] org.apache.openejb.server.cxf.rs.CxfRsHttpListener.logEndpoints      Service URI: http://localhost:8080/data/health                      -> Pojo org.apache.geronimo.microprofile.impl.health.cdi.CdiHealthChecksEndpoint
20-Aug-2020 19:17:47.094 INFO [main] org.apache.openejb.server.cxf.rs.CxfRsHttpListener.logEndpoints               GET http://localhost:8080/data/health                      ->      Response getChecks()
20-Aug-2020 19:17:47.095 INFO [main] org.apache.openejb.server.cxf.rs.CxfRsHttpListener.logEndpoints      Service URI: http://localhost:8080/data/hello                       -> Pojo edu.puce.web.HelloController                                            
20-Aug-2020 19:17:47.095 INFO [main] org.apache.openejb.server.cxf.rs.CxfRsHttpListener.logEndpoints               GET http://localhost:8080/data/hello                       ->      String sayHello()
20-Aug-2020 19:17:47.095 INFO [main] org.apache.openejb.server.cxf.rs.CxfRsHttpListener.logEndpoints      Service URI: http://localhost:8080/data/metrics                     -> Pojo org.apache.geronimo.microprofile.metrics.jaxrs.CdiMetricsEndpoints      
20-Aug-2020 19:17:47.095 INFO [main] org.apache.openejb.server.cxf.rs.CxfRsHttpListener.logEndpoints               GET http://localhost:8080/data/metrics                     ->      Object getJson(SecurityContext, UriInfo)                    
20-Aug-2020 19:17:47.095 INFO [main] org.apache.openejb.server.cxf.rs.CxfRsHttpListener.logEndpoints               GET http://localhost:8080/data/metrics                     ->      String getText(SecurityContext, UriInfo)                    
20-Aug-2020 19:17:47.095 INFO [main] org.apache.openejb.server.cxf.rs.CxfRsHttpListener.logEndpoints               GET http://localhost:8080/data/metrics/{registry}          ->      Object getJson(String, SecurityContext, UriInfo)            
20-Aug-2020 19:17:47.095 INFO [main] org.apache.openejb.server.cxf.rs.CxfRsHttpListener.logEndpoints               GET http://localhost:8080/data/metrics/{registry}          ->      String getText(String, SecurityContext, UriInfo)            
20-Aug-2020 19:17:47.095 INFO [main] org.apache.openejb.server.cxf.rs.CxfRsHttpListener.logEndpoints               GET http://localhost:8080/data/metrics/{registry}/{metric} ->      Object getJson(String, String, SecurityContext, UriInfo)    
20-Aug-2020 19:17:47.095 INFO [main] org.apache.openejb.server.cxf.rs.CxfRsHttpListener.logEndpoints               GET http://localhost:8080/data/metrics/{registry}/{metric} ->      String getText(String, String, SecurityContext, UriInfo)    
20-Aug-2020 19:17:47.095 INFO [main] org.apache.openejb.server.cxf.rs.CxfRsHttpListener.logEndpoints           OPTIONS http://localhost:8080/data/metrics/{registry}          ->      Object getMetadata(String, SecurityContext, UriInfo)        
20-Aug-2020 19:17:47.095 INFO [main] org.apache.openejb.server.cxf.rs.CxfRsHttpListener.logEndpoints           OPTIONS http://localhost:8080/data/metrics/{registry}/{metric} ->      Object getMetadata(String, String, SecurityContext, UriInfo)
20-Aug-2020 19:17:47.095 INFO [main] org.apache.openejb.server.cxf.rs.CxfRsHttpListener.logEndpoints      Service URI: http://localhost:8080/data/openapi                     -> Pojo org.apache.geronimo.microprofile.openapi.jaxrs.OpenAPIEndpoint          
20-Aug-2020 19:17:47.095 INFO [main] org.apache.openejb.server.cxf.rs.CxfRsHttpListener.logEndpoints               GET http://localhost:8080/data/openapi                     ->      OpenAPI get()
20-Aug-2020 19:17:47.095 INFO [main] org.apache.openejb.server.cxf.rs.CxfRsHttpListener.logEndpoints      Service URI: http://localhost:8080/data/posts                       -> Pojo edu.puce.web.resources.PostResource                                     
20-Aug-2020 19:17:47.096 INFO [main] org.apache.openejb.server.cxf.rs.CxfRsHttpListener.logEndpoints            DELETE http://localhost:8080/data/posts/{id}                  ->      Response delete(Long)         
20-Aug-2020 19:17:47.096 INFO [main] org.apache.openejb.server.cxf.rs.CxfRsHttpListener.logEndpoints               GET http://localhost:8080/data/posts                       ->      Response getAllPosts()        
20-Aug-2020 19:17:47.096 INFO [main] org.apache.openejb.server.cxf.rs.CxfRsHttpListener.logEndpoints               GET http://localhost:8080/data/posts/{id}                  ->      Response getPostById(Long)    
20-Aug-2020 19:17:47.096 INFO [main] org.apache.openejb.server.cxf.rs.CxfRsHttpListener.logEndpoints              POST http://localhost:8080/data/posts                       ->      Response create(Post, UriInfo)
20-Aug-2020 19:17:47.096 INFO [main] org.apache.openejb.server.cxf.rs.CxfRsHttpListener.logEndpoints               PUT http://localhost:8080/data/posts/{id}                  ->      Response update(Long, Post)   
20-Aug-2020 19:17:47.130 INFO [main] sun.reflect.DelegatingMethodAccessorImpl.invoke Deployment of web application archive [C:\Users\kevin\OneDrive\Documentos\5 Quinto de TI\Desarrollo Basado en Plataformas\java-microservices\web\web\.distribution\apache-tomee\webapps\ROOT.war] has finished in [23,614] ms
20-Aug-2020 19:17:47.139 INFO [main] org.apache.catalina.core.StandardContext.setClassLoaderProperty Unable to set the web application class loader property [clearReferencesRmiTargets] to [true] as the property does not exist.
20-Aug-2020 19:17:47.139 INFO [main] org.apache.catalina.core.StandardContext.setClassLoaderProperty Unable to set the web application class loader property [clearReferencesObjectStreamClassCaches] to [true] as the property does not exist.
20-Aug-2020 19:17:47.139 INFO [main] org.apache.catalina.core.StandardContext.setClassLoaderProperty Unable to set the web application class loader property [clearReferencesObjectStreamClassCaches] to [true] as the property does not exist.
20-Aug-2020 19:17:47.139 INFO [main] org.apache.catalina.core.StandardContext.setClassLoaderProperty Unable to set the web application class loader property [clearReferencesThreadLocals] to [true] as the property does not exist.
20-Aug-2020 19:17:47.145 INFO [main] sun.reflect.DelegatingMethodAccessorImpl.invoke Starting ProtocolHandler ["http-nio-8080"]
20-Aug-2020 19:17:47.152 INFO [main] sun.reflect.DelegatingMethodAccessorImpl.invoke Starting ProtocolHandler ["ajp-nio-8009"]
20-Aug-2020 19:17:47.154 INFO [main] sun.reflect.DelegatingMethodAccessorImpl.invoke Server startup in [23,674] milliseconds
20-Aug-2020 19:17:58.497 INFO [http-nio-8080-exec-1] org.hibernate.jpa.internal.util.LogHelper.logPersistenceUnitInformation HHH000204: Processing PersistenceUnitInfo [name: Persistence]
20-Aug-2020 19:17:58.735 INFO [http-nio-8080-exec-1] org.hibernate.Version.logVersion HHH000412: Hibernate Core {5.4.3.Final}
20-Aug-2020 19:17:59.178 INFO [http-nio-8080-exec-1] org.hibernate.annotations.common.reflection.java.JavaReflectionManager.<clinit> HCANN000001: Hibernate Commons Annotations {5.1.0.Final}
20-Aug-2020 19:17:59.634 INFO [http-nio-8080-exec-1] org.hibernate.dialect.Dialect.<init> HHH000400: Using dialect: org.hibernate.dialect.PostgreSQL10Dialect
20-Aug-2020 19:18:44.524 INFO [http-nio-8080-exec-1] org.hibernate.engine.transaction.jta.platform.internal.JtaPlatformInitiator.initiateService HHH000490: Using JtaPlatform implementation: [org.apache.openejb.hibernate.OpenEJBJtaPlatform2]
20-Aug-2020 19:18:45.366 INFO [http-nio-8080-exec-1] org.apache.openejb.assembler.classic.ReloadableEntityManagerFactory.createDelegate PersistenceUnit(name=Persistence, provider=org.hibernate.jpa.HibernatePersistenceProvider) - provider time 46933ms
