18-Aug-2020 22:05:35.160 INFO [main] sun.reflect.NativeMethodAccessorImpl.invoke Server version name:   Apache Tomcat (TomEE)/9.0.20 (8.0.0-M3)
18-Aug-2020 22:05:35.161 INFO [main] sun.reflect.NativeMethodAccessorImpl.invoke Server built:          May 3 2019 22:26:00 UTC
18-Aug-2020 22:05:35.161 INFO [main] sun.reflect.NativeMethodAccessorImpl.invoke Server version number: 9.0.20.0
18-Aug-2020 22:05:35.161 INFO [main] sun.reflect.NativeMethodAccessorImpl.invoke OS Name:               Windows 10
18-Aug-2020 22:05:35.161 INFO [main] sun.reflect.NativeMethodAccessorImpl.invoke OS Version:            10.0
18-Aug-2020 22:05:35.161 INFO [main] sun.reflect.NativeMethodAccessorImpl.invoke Architecture:          amd64
18-Aug-2020 22:05:35.161 INFO [main] sun.reflect.NativeMethodAccessorImpl.invoke Java Home:             C:\Program Files\Java\jdk1.8.0_212\jre
18-Aug-2020 22:05:35.161 INFO [main] sun.reflect.NativeMethodAccessorImpl.invoke JVM Version:           1.8.0_212-b10
18-Aug-2020 22:05:35.161 INFO [main] sun.reflect.NativeMethodAccessorImpl.invoke JVM Vendor:            Oracle Corporation
18-Aug-2020 22:05:35.161 INFO [main] sun.reflect.NativeMethodAccessorImpl.invoke CATALINA_BASE:         C:\Users\kevin\OneDrive\Documentos\5 Quinto de TI\Desarrollo Basado en Plataformas\java-microservices\web\web\.distribution\apache-tomee
18-Aug-2020 22:05:35.161 INFO [main] sun.reflect.NativeMethodAccessorImpl.invoke CATALINA_HOME:         C:\Users\kevin\OneDrive\Documentos\5 Quinto de TI\Desarrollo Basado en Plataformas\java-microservices\web\web\.distribution\apache-tomee
18-Aug-2020 22:05:35.165 INFO [main] sun.reflect.NativeMethodAccessorImpl.invoke Command line argument: -Djava.util.logging.config.file=C:\Users\kevin\OneDrive\Documentos\5 Quinto de TI\Desarrollo Basado en Plataformas\java-microservices\web\web\.distribution\apache-tomee\conf\logging.properties
18-Aug-2020 22:05:35.165 INFO [main] sun.reflect.NativeMethodAccessorImpl.invoke Command line argument: -Djava.util.logging.manager=org.apache.juli.ClassLoaderLogManager
18-Aug-2020 22:05:35.165 INFO [main] sun.reflect.NativeMethodAccessorImpl.invoke Command line argument: -javaagent:C:\Users\kevin\OneDrive\Documentos\5 Quinto de TI\Desarrollo Basado en Plataformas\java-microservices\web\web\.distribution\apache-tomee\lib\openejb-javaagent.jar
18-Aug-2020 22:05:35.165 INFO [main] sun.reflect.NativeMethodAccessorImpl.invoke Command line argument: -Djdk.tls.ephemeralDHKeySize=2048
18-Aug-2020 22:05:35.165 INFO [main] sun.reflect.NativeMethodAccessorImpl.invoke Command line argument: -Djava.protocol.handler.pkgs=org.apache.catalina.webresources
18-Aug-2020 22:05:35.165 INFO [main] sun.reflect.DelegatingMethodAccessorImpl.invoke Command line argument: -Dorg.apache.catalina.STRICT_SERVLET_COMPLIANCE=false
18-Aug-2020 22:05:35.165 INFO [main] sun.reflect.DelegatingMethodAccessorImpl.invoke Command line argument: -Dopenejb.session.manager=org.apache.tomee.catalina.session.QuickSessionManager
18-Aug-2020 22:05:35.165 INFO [main] sun.reflect.DelegatingMethodAccessorImpl.invoke Command line argument: -Dtomee.remote.support=true
18-Aug-2020 22:05:35.165 INFO [main] sun.reflect.DelegatingMethodAccessorImpl.invoke Command line argument: -Dopenejb.system.apps=false
18-Aug-2020 22:05:35.165 INFO [main] sun.reflect.DelegatingMethodAccessorImpl.invoke Command line argument: -Dtomee.noshutdownhook=true
18-Aug-2020 22:05:35.165 INFO [main] sun.reflect.DelegatingMethodAccessorImpl.invoke Command line argument: -Dtomee.jsp-development=true
18-Aug-2020 22:05:35.165 INFO [main] sun.reflect.DelegatingMethodAccessorImpl.invoke Command line argument: -Dignore.endorsed.dirs=
18-Aug-2020 22:05:35.165 INFO [main] sun.reflect.DelegatingMethodAccessorImpl.invoke Command line argument: -Dcatalina.base=C:\Users\kevin\OneDrive\Documentos\5 Quinto de TI\Desarrollo Basado en Plataformas\java-microservices\web\web\.distribution\apache-tomee
18-Aug-2020 22:05:35.165 INFO [main] sun.reflect.DelegatingMethodAccessorImpl.invoke Command line argument: -Dcatalina.home=C:\Users\kevin\OneDrive\Documentos\5 Quinto de TI\Desarrollo Basado en Plataformas\java-microservices\web\web\.distribution\apache-tomee
18-Aug-2020 22:05:35.165 INFO [main] sun.reflect.DelegatingMethodAccessorImpl.invoke Command line argument: -Djava.io.tmpdir=C:\Users\kevin\OneDrive\Documentos\5 Quinto de TI\Desarrollo Basado en Plataformas\java-microservices\web\web\.distribution\apache-tomee\temp
18-Aug-2020 22:05:35.166 INFO [main] sun.reflect.DelegatingMethodAccessorImpl.invoke The APR based Apache Tomcat Native library which allows optimal performance in production environments was not found on the java.library.path: [C:\Program Files\Java\jdk1.8.0_212\bin;C:\WINDOWS\Sun\Java\bin;C:\WINDOWS\system32;C:\WINDOWS;C:\Users\kevin\bin;C:\Program Files\Git\mingw64\bin;C:\Program Files\Git\usr\local\bin;C:\Program Files\Git\usr\bin;C:\Program Files\Git\usr\bin;C:\Program Files\Git\mingw64\bin;C:\Program Files\Git\usr\bin;C:\Users\kevin\bin;C:\Program Files\Java\jre1.8.0_212\bin\server;C:\Program Files\Java\jre1.8.0_212\bin;C:\Program Files\Java\jre1.8.0_212\lib\amd64;C:\Program Files\MongoDB\Server\4.2\bin;C:\Program Files (x86)\Common Files\Oracle\Java\javapath;C:\apache-maven-3.6.1\bin;C:\Program Files\Java\jdk1.8.0_212\bin;C:\Program Files (x86)\Intel\Intel(R) Management Engine Components\iCLS;C:\Program Files\Intel\Intel(R) Management Engine Components\iCLS;C:\Windows\system32;C:\Windows;C:\Windows\System32\Wbem;C:\Windows\System32\WindowsPowerShell\v1.0;C:\Windows\System32\OpenSSH;C:\Program Files\NVIDIA Corporation\NVIDIA NvDLISR;C:\Program Files (x86)\NVIDIA Corporation\PhysX\Common;C:\Program Files (x86)\Intel\Intel(R) Management Engine Components\DAL;C:\Program Files\Intel\Intel(R) Management Engine Components\DAL;C:\Program Files (x86)\Intel\Intel(R) Management Engine Components\IPT;C:\Program Files\Intel\Intel(R) Management Engine Components\IPT;C:\Program Files\PuTTY;C:\Program Files\Git\cmd;C:\WINDOWS\system32;C:\WINDOWS;C:\WINDOWS\System32\Wbem;C:\WINDOWS\System32\WindowsPowerShell\v1.0;C:\WINDOWS\System32\OpenSSH;C:\Program Files\Microsoft SQL Server\Client SDK\ODBC\130\Tools\Binn;C:\Program Files (x86)\Microsoft SQL Server\140\Tools\Binn;C:\Program Files\Microsoft SQL Server\140\Tools\Binn;C:\Program Files\Microsoft SQL Server\140\DTS\Binn;C:\Program Files (x86)\Microsoft SQL Server\150\DTS\Binn;C:\Program Files\nodejs;C:\xampp\php;C:\ProgramData\chocolatey\bin;C:\Program Files\Docker\Docker\resources\bin;C:\ProgramData\DockerDesktop\version-bin;C:\HashiCorp\Vagrant\bin;C:\Program Files\Kubernetes\Minikube;C:\Program Files (x86)\gradle-6.5.1\bin;C:\Program Files\Java\jdk1.8.0_212\bin;C:\Program Files\apache-maven-3.6.3\bin;C:\Program Files (x86)\gradle-6.5.1\bin;C:\Users\kevin\AppData\Local\Programs\Python\Python38-32\Scripts;C:\Users\kevin\AppData\Local\Programs\Python\Python38-32;C:\Users\kevin\AppData\Local\Microsoft\WindowsApps;C:\Users\kevin\AppData\Local\Microsoft\WindowsApps;C:\Users\kevin\AppData\Local\Programs\Microsoft VS Code\bin;C:\Users\kevin\AppData\Roaming\npm;C:\Users\kevin\AppData\Local\Android\sdk\platform-tools;C:\Users\kevin\AppData\Local\Android\sdk\tools\bin;C:\Users\kevin\AppData\Local\Android\sdk\emulator;C:\Users\kevin\AppData\Local\Android\sdk\build-tools${version};C:\Users\kevin\OneDrive\Escritorio;C:\Program Files\Git\usr\bin\vendor_perl;C:\Program Files\Git\usr\bin\core_perl;.]
18-Aug-2020 22:05:35.448 INFO [main] sun.reflect.DelegatingMethodAccessorImpl.invoke Initializing ProtocolHandler ["http-nio-8080"]
18-Aug-2020 22:05:35.817 INFO [main] sun.reflect.DelegatingMethodAccessorImpl.invoke Initializing ProtocolHandler ["ajp-nio-8009"]
18-Aug-2020 22:05:35.970 INFO [main] org.apache.openejb.util.OptionsLog.info Using 'tomee.remote.support=true'
18-Aug-2020 22:05:35.976 INFO [main] org.apache.openejb.util.OptionsLog.info Using 'openejb.jdbc.datasource-creator=org.apache.tomee.jdbc.TomEEDataSourceCreator'
18-Aug-2020 22:05:36.040 INFO [main] org.apache.openejb.OpenEJB$Instance.<init> ********************************************************************************
18-Aug-2020 22:05:36.040 INFO [main] org.apache.openejb.OpenEJB$Instance.<init> OpenEJB http://tomee.apache.org/
18-Aug-2020 22:05:36.040 INFO [main] org.apache.openejb.OpenEJB$Instance.<init> Startup: Tue Aug 18 22:05:36 COT 2020
18-Aug-2020 22:05:36.041 INFO [main] org.apache.openejb.OpenEJB$Instance.<init> Copyright 1999-2018 (C) Apache OpenEJB Project, All Rights Reserved.
18-Aug-2020 22:05:36.041 INFO [main] org.apache.openejb.OpenEJB$Instance.<init> Version: 8.0.0-M3
18-Aug-2020 22:05:36.041 INFO [main] org.apache.openejb.OpenEJB$Instance.<init> Build date: 20190523
18-Aug-2020 22:05:36.041 INFO [main] org.apache.openejb.OpenEJB$Instance.<init> Build time: 12:13
18-Aug-2020 22:05:36.041 INFO [main] org.apache.openejb.OpenEJB$Instance.<init> ********************************************************************************
18-Aug-2020 22:05:36.041 INFO [main] org.apache.openejb.OpenEJB$Instance.<init> openejb.home = C:\Users\kevin\OneDrive\Documentos\5 Quinto de TI\Desarrollo Basado en Plataformas\java-microservices\web\web\.distribution\apache-tomee
18-Aug-2020 22:05:36.041 INFO [main] org.apache.openejb.OpenEJB$Instance.<init> openejb.base = C:\Users\kevin\OneDrive\Documentos\5 Quinto de TI\Desarrollo Basado en Plataformas\java-microservices\web\web\.distribution\apache-tomee
18-Aug-2020 22:05:36.042 INFO [main] org.apache.openejb.cdi.CdiBuilder.initializeOWB Created new singletonService org.apache.openejb.cdi.ThreadSingletonServiceImpl@5c909414
18-Aug-2020 22:05:36.044 INFO [main] org.apache.openejb.cdi.CdiBuilder.initializeOWB Succeeded in installing singleton service
18-Aug-2020 22:05:36.066 INFO [main] org.apache.openejb.config.ConfigurationFactory.init TomEE configuration file is 'C:\Users\kevin\OneDrive\Documentos\5 Quinto de TI\Desarrollo Basado en Plataformas\java-microservices\web\web\.distribution\apache-tomee\conf\tomee.xml'
18-Aug-2020 22:05:36.107 INFO [main] org.apache.openejb.config.ConfigurationFactory.configureService Configuring Service(id=Tomcat Security Service, type=SecurityService, provider-id=Tomcat Security Service)
18-Aug-2020 22:05:36.108 INFO [main] org.apache.openejb.config.ConfigurationFactory.configureService Configuring Service(id=Default Transaction Manager, type=TransactionManager, provider-id=Default Transaction Manager)
18-Aug-2020 22:05:36.111 INFO [main] org.apache.openejb.util.OptionsLog.info Using 'openejb.system.apps=false'
18-Aug-2020 22:05:36.111 INFO [main] org.apache.openejb.util.OptionsLog.info Using 'openejb.deployments.classpath=false'
18-Aug-2020 22:05:36.113 INFO [main] org.apache.openejb.assembler.classic.Assembler.createRecipe Creating TransactionManager(id=Default Transaction Manager)
18-Aug-2020 22:05:36.182 INFO [main] org.apache.openejb.assembler.classic.Assembler.createRecipe Creating SecurityService(id=Tomcat Security Service)
18-Aug-2020 22:05:36.235 INFO [main] org.apache.openejb.server.ServiceManager.initServer Creating ServerService(id=cxf-rs)
18-Aug-2020 22:05:36.338 INFO [main] org.apache.openejb.server.SimpleServiceManager.start   ** Bound Services **
18-Aug-2020 22:05:36.338 INFO [main] org.apache.openejb.server.SimpleServiceManager.printRow   NAME                 IP              PORT  
18-Aug-2020 22:05:36.339 INFO [main] org.apache.openejb.server.SimpleServiceManager.start -------
18-Aug-2020 22:05:36.339 INFO [main] org.apache.openejb.server.SimpleServiceManager.start Ready!
18-Aug-2020 22:05:36.339 INFO [main] org.apache.openejb.util.OptionsLog.info Using 'tomee.noshutdownhook=true'
18-Aug-2020 22:05:36.339 INFO [main] sun.reflect.DelegatingMethodAccessorImpl.invoke Server initialization in [1,364] milliseconds
18-Aug-2020 22:05:36.358 INFO [main] org.apache.tomee.catalina.OpenEJBNamingContextListener.bindResource Importing a Tomcat Resource with id 'UserDatabase' of type 'org.apache.catalina.UserDatabase'.
18-Aug-2020 22:05:36.358 INFO [main] org.apache.openejb.assembler.classic.Assembler.createRecipe Creating Resource(id=UserDatabase)
18-Aug-2020 22:05:36.369 INFO [main] sun.reflect.DelegatingMethodAccessorImpl.invoke Starting service [Catalina]
18-Aug-2020 22:05:36.369 INFO [main] sun.reflect.DelegatingMethodAccessorImpl.invoke Starting Servlet engine: [Apache Tomcat (TomEE)/9.0.20 (8.0.0-M3)]
18-Aug-2020 22:05:36.382 INFO [main] sun.reflect.DelegatingMethodAccessorImpl.invoke Deploying web application archive [C:\Users\kevin\OneDrive\Documentos\5 Quinto de TI\Desarrollo Basado en Plataformas\java-microservices\web\web\.distribution\apache-tomee\webapps\ROOT.war]
18-Aug-2020 22:05:36.387 INFO [main] org.apache.tomee.catalina.TomcatWebAppBuilder.init ------------------------- localhost -> /
18-Aug-2020 22:05:36.388 INFO [main] org.apache.openejb.util.JarExtractor.extract Extracting jar: C:\Users\kevin\OneDrive\Documentos\5 Quinto de TI\Desarrollo Basado en Plataformas\java-microservices\web\web\.distribution\apache-tomee\webapps\ROOT.war
18-Aug-2020 22:05:36.822 INFO [main] org.apache.openejb.util.JarExtractor.extract Extracted path: C:\Users\kevin\OneDrive\Documentos\5 Quinto de TI\Desarrollo Basado en Plataformas\java-microservices\web\web\.distribution\apache-tomee\webapps\ROOT
18-Aug-2020 22:05:36.822 INFO [main] org.apache.openejb.util.OptionsLog.info Using 'openejb.session.manager=org.apache.tomee.catalina.session.QuickSessionManager'
18-Aug-2020 22:05:36.931 INFO [main] org.apache.openejb.util.OptionsLog.info Using 'tomee.mp.scan=all'
18-Aug-2020 22:05:37.548 INFO [main] org.apache.openejb.config.ConfigurationFactory.configureApplication Configuring enterprise application: C:\Users\kevin\OneDrive\Documentos\5 Quinto de TI\Desarrollo Basado en Plataformas\java-microservices\web\web\.distribution\apache-tomee\webapps\ROOT
18-Aug-2020 22:05:37.899 INFO [main] org.apache.openejb.config.InitEjbDeployments.deploy Auto-deploying ejb PostRepository: EjbDeployment(deployment-id=PostRepository)
18-Aug-2020 22:05:37.902 INFO [main] org.apache.openejb.config.ConfigurationFactory.configureService Configuring Service(id=ROOT/jdbc/Datasource, type=Resource, provider-id=Default JDBC Database)
18-Aug-2020 22:05:37.902 INFO [main] org.apache.openejb.assembler.classic.Assembler.createRecipe Creating Resource(id=ROOT/jdbc/Datasource)
18-Aug-2020 22:05:51.207 INFO [main] org.apache.openejb.config.ConfigurationFactory.configureService Configuring Service(id=Default Stateless Container, type=Container, provider-id=Default Stateless Container)
18-Aug-2020 22:05:51.207 INFO [main] org.apache.openejb.config.AutoConfig.createContainer Auto-creating a container for bean PostRepository: Container(type=STATELESS, id=Default Stateless Container)
18-Aug-2020 22:05:51.207 INFO [main] org.apache.openejb.assembler.classic.Assembler.createRecipe Creating Container(id=Default Stateless Container)
18-Aug-2020 22:05:51.214 INFO [main] org.apache.openejb.config.AutoConfig.processResourceRef Auto-linking resource-ref 'openejb/Resource/ROOT/jdbc/Datasource' in bean PostRepository to Resource(id=ROOT/jdbc/Datasource)
18-Aug-2020 22:05:51.214 INFO [main] org.apache.openejb.config.AutoConfig.processResourceRef Auto-linking resource-ref 'openejb/Resource/jdbc/Datasource' in bean PostRepository to Resource(id=ROOT/jdbc/Datasource)
18-Aug-2020 22:05:51.215 INFO [main] org.apache.openejb.config.ConfigurationFactory.configureService Configuring Service(id=Default Managed Container, type=Container, provider-id=Default Managed Container)
18-Aug-2020 22:05:51.215 INFO [main] org.apache.openejb.config.AutoConfig.createContainer Auto-creating a container for bean .Comp1688526221: Container(type=MANAGED, id=Default Managed Container)
18-Aug-2020 22:05:51.215 INFO [main] org.apache.openejb.assembler.classic.Assembler.createRecipe Creating Container(id=Default Managed Container)
18-Aug-2020 22:05:51.220 INFO [main] org.apache.openejb.core.managed.SimplePassivater.init Using directory C:\Users\kevin\OneDrive\Documentos\5 Quinto de TI\Desarrollo Basado en Plataformas\java-microservices\web\web\.distribution\apache-tomee\temp for stateful session passivation
18-Aug-2020 22:05:51.227 INFO [main] org.apache.openejb.config.AutoConfig.processResourceRef Auto-linking resource-ref 'openejb/Resource/ROOT/jdbc/Datasource' in bean .Comp1688526221 to Resource(id=ROOT/jdbc/Datasource)
18-Aug-2020 22:05:51.227 INFO [main] org.apache.openejb.config.AutoConfig.processResourceRef Auto-linking resource-ref 'openejb/Resource/jdbc/Datasource' in bean .Comp1688526221 to Resource(id=ROOT/jdbc/Datasource)
18-Aug-2020 22:05:51.228 INFO [main] org.apache.openejb.config.AutoConfig.deploy Configuring PersistenceUnit(name=Persistence, provider=org.hibernate.jpa.HibernatePersistenceProvider)
18-Aug-2020 22:05:51.228 INFO [main] org.apache.openejb.config.AutoConfig.logAutoCreateResource Auto-creating a Resource with id 'ROOT/jdbc/DatasourceNonJta' of type 'DataSource for 'Persistence'.
18-Aug-2020 22:05:51.228 INFO [main] org.apache.openejb.config.AutoConfig.deploy Configuring Service(id=ROOT/jdbc/DatasourceNonJta, type=Resource, provider-id=ROOT/jdbc/Datasource)
18-Aug-2020 22:05:51.228 INFO [main] org.apache.openejb.assembler.classic.Assembler.createRecipe Creating Resource(id=ROOT/jdbc/DatasourceNonJta)
18-Aug-2020 22:06:03.774 INFO [main] org.apache.openejb.config.AutoConfig.setJtaDataSource Adjusting PersistenceUnit Persistence <jta-data-source> to Resource ID 'ROOT/jdbc/Datasource' from 'jdbc/Datasource'
18-Aug-2020 22:06:03.774 INFO [main] org.apache.openejb.config.AutoConfig.setNonJtaDataSource Adjusting PersistenceUnit Persistence <non-jta-data-source> to Resource ID 'ROOT/jdbc/DatasourceNonJta' from 'null'
18-Aug-2020 22:06:03.791 INFO [main] org.apache.openejb.config.AppInfoBuilder.build Enterprise application "C:\Users\kevin\OneDrive\Documentos\5 Quinto de TI\Desarrollo Basado en Plataformas\java-microservices\web\web\.distribution\apache-tomee\webapps\ROOT" loaded.
18-Aug-2020 22:06:03.794 INFO [main] org.apache.openejb.assembler.classic.Assembler.createApplication Assembling app: C:\Users\kevin\OneDrive\Documentos\5 Quinto de TI\Desarrollo Basado en Plataformas\java-microservices\web\web\.distribution\apache-tomee\webapps\ROOT
18-Aug-2020 22:06:03.855 INFO [main] org.apache.openejb.assembler.classic.JndiBuilder.bind Jndi(name=PostRepositoryLocalBean) --> Ejb(deployment-id=PostRepository)
18-Aug-2020 22:06:03.855 INFO [main] org.apache.openejb.assembler.classic.JndiBuilder.bind Jndi(name=global/PostRepository!edu.puce.web.repositories.PostRepository) --> Ejb(deployment-id=PostRepository)
18-Aug-2020 22:06:03.855 INFO [main] org.apache.openejb.assembler.classic.JndiBuilder.bind Jndi(name=global/PostRepository) --> Ejb(deployment-id=PostRepository)
18-Aug-2020 22:06:03.874 INFO [main] org.apache.openejb.cdi.CdiBuilder.initSingleton Existing thread singleton service in SystemInstance(): org.apache.openejb.cdi.ThreadSingletonServiceImpl@5c909414
18-Aug-2020 22:06:03.944 INFO [main] org.apache.openejb.cdi.OpenEJBLifecycle.startApplication OpenWebBeans Container is starting...
18-Aug-2020 22:06:03.950 INFO [main] org.apache.webbeans.plugins.PluginLoader.startUp Adding OpenWebBeansPlugin : [CdiPlugin]
18-Aug-2020 22:06:04.055 INFO [main] org.apache.openejb.cdi.CdiScanner.handleBda Using annotated mode for jar:file:/C:/Users/kevin/OneDrive/Documentos/5%20Quinto%20de%20TI/Desarrollo%20Basado%20en%20Plataformas/java-microservices/web/web/.distribution/apache-tomee/lib/geronimo-config-impl-1.2.1.jar!/META-INF/beans.xml looking all classes to find CDI beans, maybe think to add a beans.xml if not there or add the jar to exclusions.list
18-Aug-2020 22:06:04.335 INFO [main] org.apache.geronimo.config.configsource.PropertyFileConfigSourceProvider.<init> Custom config found by GeronimoConfig. Name: 'META-INF/microprofile-config.properties', URL: 'file:/C:/Users/kevin/OneDrive/Documentos/5%20Quinto%20de%20TI/Desarrollo%20Basado%20en%20Plataformas/java-microservices/web/web/.distribution/apache-tomee/webapps/ROOT/WEB-INF/classes/META-INF/microprofile-config.properties'
18-Aug-2020 22:06:04.340 INFO [main] org.apache.openejb.util.OptionsLog.info Using 'tomee.mp.scan=all'
18-Aug-2020 22:06:04.971 INFO [main] org.apache.webbeans.config.BeansDeployer.validateInjectionPoints All injection points were validated successfully.
18-Aug-2020 22:06:04.993 INFO [main] org.apache.openejb.cdi.OpenEJBLifecycle.startApplication OpenWebBeans Container has started, it took 1049 ms.
18-Aug-2020 22:06:05.003 INFO [main] org.apache.openejb.assembler.classic.Assembler.startEjbs Created Ejb(deployment-id=PostRepository, ejb-name=PostRepository, container=Default Stateless Container)
18-Aug-2020 22:06:05.014 INFO [main] org.apache.openejb.assembler.classic.Assembler.startEjbs Started Ejb(deployment-id=PostRepository, ejb-name=PostRepository, container=Default Stateless Container)
18-Aug-2020 22:06:05.020 INFO [main] org.apache.openejb.assembler.classic.Assembler.createApplication Deployed Application(path=C:\Users\kevin\OneDrive\Documentos\5 Quinto de TI\Desarrollo Basado en Plataformas\java-microservices\web\web\.distribution\apache-tomee\webapps\ROOT)
18-Aug-2020 22:06:05.132 INFO [main] org.apache.myfaces.ee.MyFacesContainerInitializer.onStartup Using org.apache.myfaces.ee.MyFacesContainerInitializer
18-Aug-2020 22:06:05.161 INFO [main] org.apache.myfaces.ee.MyFacesContainerInitializer.onStartup Added FacesServlet with mappings=[/faces/*, *.jsf, *.faces, *.xhtml]
18-Aug-2020 22:06:05.189 INFO [main] org.apache.jasper.servlet.TldScanner.scanJars At least one JAR was scanned for TLDs yet contained no TLDs. Enable debug logging for this logger for a complete list of JARs that were scanned but no TLDs were found in them. Skipping unneeded JARs during scanning can improve startup time and JSP compilation time.
18-Aug-2020 22:06:05.196 INFO [main] org.apache.tomee.myfaces.TomEEMyFacesContainerInitializer.addListener Installing <listener>org.apache.myfaces.webapp.StartupServletContextListener</listener>
18-Aug-2020 22:06:05.255 INFO [main] org.apache.myfaces.config.DefaultFacesConfigurationProvider.getStandardFacesConfig Reading standard config META-INF/standard-faces-config.xml
18-Aug-2020 22:06:05.418 INFO [main] org.apache.myfaces.config.DefaultFacesConfigurationProvider.getClassloaderFacesConfig Reading config : jar:file:/C:/Users/kevin/OneDrive/Documentos/5%20Quinto%20de%20TI/Desarrollo%20Basado%20en%20Plataformas/java-microservices/web/web/.distribution/apache-tomee/lib/openwebbeans-jsf-2.0.9.jar!/META-INF/faces-config.xml
18-Aug-2020 22:06:05.419 INFO [main] org.apache.myfaces.config.DefaultFacesConfigurationProvider.getClassloaderFacesConfig Reading config : jar:file:/C:/Users/kevin/OneDrive/Documentos/5%20Quinto%20de%20TI/Desarrollo%20Basado%20en%20Plataformas/java-microservices/web/web/.distribution/apache-tomee/lib/openwebbeans-el22-2.0.9.jar!/META-INF/faces-config.xml
18-Aug-2020 22:06:05.538 INFO [main] org.apache.myfaces.config.LogMetaInfUtils.logArtifact Artifact 'myfaces-api' was found in version '2.3.3' from path 'file:/C:/Users/kevin/OneDrive/Documentos/5%20Quinto%20de%20TI/Desarrollo%20Basado%20en%20Plataformas/java-microservices/web/web/.distribution/apache-tomee/lib/myfaces-api-2.3.3.jar'
18-Aug-2020 22:06:05.538 INFO [main] org.apache.myfaces.config.LogMetaInfUtils.logArtifact Artifact 'myfaces-impl' was found in version '2.3.3' from path 'file:/C:/Users/kevin/OneDrive/Documentos/5%20Quinto%20de%20TI/Desarrollo%20Basado%20en%20Plataformas/java-microservices/web/web/.distribution/apache-tomee/lib/myfaces-impl-2.3.3.jar'
18-Aug-2020 22:06:05.550 INFO [main] org.apache.myfaces.util.ExternalSpecifications.isCDIAvailable MyFaces CDI support enabled
18-Aug-2020 22:06:05.551 INFO [main] org.apache.myfaces.spi.impl.DefaultInjectionProviderFactory.getInjectionProvider Using InjectionProvider org.apache.myfaces.spi.impl.CDIAnnotationDelegateInjectionProvider
18-Aug-2020 22:06:05.594 INFO [main] org.apache.myfaces.util.ExternalSpecifications.isBeanValidationAvailable MyFaces Bean Validation support enabled
18-Aug-2020 22:06:05.622 INFO [main] org.apache.myfaces.application.ApplicationImpl.getProjectStage Couldn't discover the current project stage, using Production
18-Aug-2020 22:06:05.623 INFO [main] org.apache.myfaces.config.FacesConfigurator.handleSerialFactory Serialization provider : class org.apache.myfaces.shared_impl.util.serial.DefaultSerialFactory
18-Aug-2020 22:06:05.629 INFO [main] org.apache.myfaces.config.annotation.DefaultLifecycleProviderFactory.getLifecycleProvider Using LifecycleProvider org.apache.myfaces.config.annotation.Tomcat7AnnotationLifecycleProvider
18-Aug-2020 22:06:06.042 INFO [main] org.apache.myfaces.webapp.AbstractFacesInitializer.initFaces ServletContext initialized.
18-Aug-2020 22:06:06.046 INFO [main] org.apache.myfaces.view.facelets.ViewPoolProcessor.initialize org.apache.myfaces.CACHE_EL_EXPRESSIONS web config parameter is set to "noCache". To enable view pooling this param must be set to "alwaysRecompile". View Pooling disabled.
18-Aug-2020 22:06:06.056 INFO [main] org.apache.myfaces.webapp.StartupServletContextListener.contextInitialized MyFaces Core has started, it took [856] ms.
18-Aug-2020 22:06:06.076 INFO [main] org.apache.openejb.util.OptionsLog.info Using 'openejb.cxf-rs.cache-application=false'
18-Aug-2020 22:06:06.288 INFO [main] org.apache.openejb.server.cxf.rs.CxfRsHttpListener.deployApplication Using readers:
18-Aug-2020 22:06:06.288 INFO [main] org.apache.openejb.server.cxf.rs.CxfRsHttpListener.deployApplication      org.apache.cxf.jaxrs.provider.PrimitiveTextProvider@3fd9e01c
18-Aug-2020 22:06:06.288 INFO [main] org.apache.openejb.server.cxf.rs.CxfRsHttpListener.deployApplication      org.apache.cxf.jaxrs.provider.FormEncodingProvider@4d75c604
18-Aug-2020 22:06:06.288 INFO [main] org.apache.openejb.server.cxf.rs.CxfRsHttpListener.deployApplication      org.apache.cxf.jaxrs.provider.MultipartProvider@3265995e
18-Aug-2020 22:06:06.288 INFO [main] org.apache.openejb.server.cxf.rs.CxfRsHttpListener.deployApplication      org.apache.cxf.jaxrs.provider.SourceProvider@33f2eb04
18-Aug-2020 22:06:06.288 INFO [main] org.apache.openejb.server.cxf.rs.CxfRsHttpListener.deployApplication      org.apache.cxf.jaxrs.provider.JAXBElementTypedProvider@4df13dd0
18-Aug-2020 22:06:06.288 INFO [main] org.apache.openejb.server.cxf.rs.CxfRsHttpListener.deployApplication      org.apache.cxf.jaxrs.provider.JAXBElementProvider@2ed7978c
18-Aug-2020 22:06:06.288 INFO [main] org.apache.openejb.server.cxf.rs.CxfRsHttpListener.deployApplication      org.apache.openejb.server.cxf.rs.johnzon.TomEEJsonbProvider@41b66d1
18-Aug-2020 22:06:06.288 INFO [main] org.apache.openejb.server.cxf.rs.CxfRsHttpListener.deployApplication      org.apache.openejb.server.cxf.rs.johnzon.TomEEJsonpProvider@36330be8
18-Aug-2020 22:06:06.288 INFO [main] org.apache.openejb.server.cxf.rs.CxfRsHttpListener.deployApplication      org.apache.cxf.jaxrs.provider.StringTextProvider@38ba8b45
18-Aug-2020 22:06:06.288 INFO [main] org.apache.openejb.server.cxf.rs.CxfRsHttpListener.deployApplication      org.apache.cxf.jaxrs.provider.BinaryDataProvider@41f23499
18-Aug-2020 22:06:06.288 INFO [main] org.apache.openejb.server.cxf.rs.CxfRsHttpListener.deployApplication      org.apache.cxf.jaxrs.provider.DataSourceProvider@31dbf5bb
18-Aug-2020 22:06:06.289 INFO [main] org.apache.openejb.server.cxf.rs.CxfRsHttpListener.deployApplication Using writers:
18-Aug-2020 22:06:06.289 INFO [main] org.apache.openejb.server.cxf.rs.CxfRsHttpListener.deployApplication      org.apache.johnzon.jaxrs.WadlDocumentMessageBodyWriter@1f19d423
18-Aug-2020 22:06:06.289 INFO [main] org.apache.openejb.server.cxf.rs.CxfRsHttpListener.deployApplication      org.apache.cxf.jaxrs.nio.NioMessageBodyWriter@73958426
18-Aug-2020 22:06:06.289 INFO [main] org.apache.openejb.server.cxf.rs.CxfRsHttpListener.deployApplication      org.apache.cxf.jaxrs.provider.StringTextProvider@38ba8b45
18-Aug-2020 22:06:06.289 INFO [main] org.apache.openejb.server.cxf.rs.CxfRsHttpListener.deployApplication      org.apache.cxf.jaxrs.provider.JAXBElementTypedProvider@4df13dd0
18-Aug-2020 22:06:06.289 INFO [main] org.apache.openejb.server.cxf.rs.CxfRsHttpListener.deployApplication      org.apache.cxf.jaxrs.provider.PrimitiveTextProvider@3fd9e01c
18-Aug-2020 22:06:06.289 INFO [main] org.apache.openejb.server.cxf.rs.CxfRsHttpListener.deployApplication      org.apache.cxf.jaxrs.provider.FormEncodingProvider@4d75c604
18-Aug-2020 22:06:06.289 INFO [main] org.apache.openejb.server.cxf.rs.CxfRsHttpListener.deployApplication      org.apache.cxf.jaxrs.provider.MultipartProvider@3265995e
18-Aug-2020 22:06:06.289 INFO [main] org.apache.openejb.server.cxf.rs.CxfRsHttpListener.deployApplication      org.apache.geronimo.microprofile.openapi.jaxrs.JacksonOpenAPIYamlBodyWriter@23933031
18-Aug-2020 22:06:06.289 INFO [main] org.apache.openejb.server.cxf.rs.CxfRsHttpListener.deployApplication      org.apache.cxf.jaxrs.provider.SourceProvider@33f2eb04
18-Aug-2020 22:06:06.289 INFO [main] org.apache.openejb.server.cxf.rs.CxfRsHttpListener.deployApplication      org.apache.cxf.jaxrs.provider.JAXBElementProvider@2ed7978c
18-Aug-2020 22:06:06.289 INFO [main] org.apache.openejb.server.cxf.rs.CxfRsHttpListener.deployApplication      org.apache.openejb.server.cxf.rs.johnzon.TomEEJsonbProvider@41b66d1
18-Aug-2020 22:06:06.289 INFO [main] org.apache.openejb.server.cxf.rs.CxfRsHttpListener.deployApplication      org.apache.openejb.server.cxf.rs.johnzon.TomEEJsonpProvider@36330be8
18-Aug-2020 22:06:06.289 INFO [main] org.apache.openejb.server.cxf.rs.CxfRsHttpListener.deployApplication      org.apache.cxf.jaxrs.provider.BinaryDataProvider@41f23499
18-Aug-2020 22:06:06.289 INFO [main] org.apache.openejb.server.cxf.rs.CxfRsHttpListener.deployApplication      org.apache.cxf.jaxrs.provider.DataSourceProvider@31dbf5bb
18-Aug-2020 22:06:06.289 INFO [main] org.apache.openejb.server.cxf.rs.CxfRsHttpListener.deployApplication Using exception mappers:
18-Aug-2020 22:06:06.289 INFO [main] org.apache.openejb.server.cxf.rs.CxfRsHttpListener.deployApplication      org.apache.cxf.jaxrs.impl.WebApplicationExceptionMapper@2c2e5e72
18-Aug-2020 22:06:06.290 INFO [main] org.apache.openejb.server.cxf.rs.CxfRsHttpListener.deployApplication      org.apache.tomee.microprofile.jwt.MPJWTFilter$MPJWTExceptionMapper@3e489ac1
18-Aug-2020 22:06:06.290 INFO [main] org.apache.openejb.server.cxf.rs.CxfRsHttpListener.deployApplication      org.apache.openejb.server.cxf.rs.EJBExceptionMapper@2aa811f9
18-Aug-2020 22:06:06.290 INFO [main] org.apache.openejb.server.cxf.rs.CxfRsHttpListener.deployApplication      org.apache.cxf.jaxrs.validation.ValidationExceptionMapper@26888c31
18-Aug-2020 22:06:06.291 INFO [main] org.apache.openejb.server.cxf.rs.CxfRsHttpListener.logEndpoints REST Application: http://localhost:8080/data                             -> edu.puce.web.WebRestApplication@7ef60c02
18-Aug-2020 22:06:06.294 INFO [main] org.apache.openejb.server.cxf.rs.CxfRsHttpListener.logEndpoints      Service URI: http://localhost:8080/data/health                      -> Pojo org.apache.geronimo.microprofile.impl.health.cdi.CdiHealthChecksEndpoint
18-Aug-2020 22:06:06.294 INFO [main] org.apache.openejb.server.cxf.rs.CxfRsHttpListener.logEndpoints               GET http://localhost:8080/data/health                      ->      Response getChecks()
18-Aug-2020 22:06:06.294 INFO [main] org.apache.openejb.server.cxf.rs.CxfRsHttpListener.logEndpoints      Service URI: http://localhost:8080/data/hello                       -> Pojo edu.puce.web.HelloController                                            
18-Aug-2020 22:06:06.294 INFO [main] org.apache.openejb.server.cxf.rs.CxfRsHttpListener.logEndpoints               GET http://localhost:8080/data/hello                       ->      String sayHello()
18-Aug-2020 22:06:06.294 INFO [main] org.apache.openejb.server.cxf.rs.CxfRsHttpListener.logEndpoints      Service URI: http://localhost:8080/data/metrics                     -> Pojo org.apache.geronimo.microprofile.metrics.jaxrs.CdiMetricsEndpoints      
18-Aug-2020 22:06:06.294 INFO [main] org.apache.openejb.server.cxf.rs.CxfRsHttpListener.logEndpoints               GET http://localhost:8080/data/metrics                     ->      Object getJson(SecurityContext, UriInfo)                    
18-Aug-2020 22:06:06.294 INFO [main] org.apache.openejb.server.cxf.rs.CxfRsHttpListener.logEndpoints               GET http://localhost:8080/data/metrics                     ->      String getText(SecurityContext, UriInfo)                    
18-Aug-2020 22:06:06.295 INFO [main] org.apache.openejb.server.cxf.rs.CxfRsHttpListener.logEndpoints               GET http://localhost:8080/data/metrics/{registry}          ->      Object getJson(String, SecurityContext, UriInfo)            
18-Aug-2020 22:06:06.295 INFO [main] org.apache.openejb.server.cxf.rs.CxfRsHttpListener.logEndpoints               GET http://localhost:8080/data/metrics/{registry}          ->      String getText(String, SecurityContext, UriInfo)            
18-Aug-2020 22:06:06.295 INFO [main] org.apache.openejb.server.cxf.rs.CxfRsHttpListener.logEndpoints               GET http://localhost:8080/data/metrics/{registry}/{metric} ->      Object getJson(String, String, SecurityContext, UriInfo)    
18-Aug-2020 22:06:06.295 INFO [main] org.apache.openejb.server.cxf.rs.CxfRsHttpListener.logEndpoints               GET http://localhost:8080/data/metrics/{registry}/{metric} ->      String getText(String, String, SecurityContext, UriInfo)    
18-Aug-2020 22:06:06.295 INFO [main] org.apache.openejb.server.cxf.rs.CxfRsHttpListener.logEndpoints           OPTIONS http://localhost:8080/data/metrics/{registry}          ->      Object getMetadata(String, SecurityContext, UriInfo)        
18-Aug-2020 22:06:06.295 INFO [main] org.apache.openejb.server.cxf.rs.CxfRsHttpListener.logEndpoints           OPTIONS http://localhost:8080/data/metrics/{registry}/{metric} ->      Object getMetadata(String, String, SecurityContext, UriInfo)
18-Aug-2020 22:06:06.295 INFO [main] org.apache.openejb.server.cxf.rs.CxfRsHttpListener.logEndpoints      Service URI: http://localhost:8080/data/openapi                     -> Pojo org.apache.geronimo.microprofile.openapi.jaxrs.OpenAPIEndpoint          
18-Aug-2020 22:06:06.295 INFO [main] org.apache.openejb.server.cxf.rs.CxfRsHttpListener.logEndpoints               GET http://localhost:8080/data/openapi                     ->      OpenAPI get()
18-Aug-2020 22:06:06.295 INFO [main] org.apache.openejb.server.cxf.rs.CxfRsHttpListener.logEndpoints      Service URI: http://localhost:8080/data/posts                       -> Pojo edu.puce.web.resources.PostResource                                     
18-Aug-2020 22:06:06.295 INFO [main] org.apache.openejb.server.cxf.rs.CxfRsHttpListener.logEndpoints            DELETE http://localhost:8080/data/posts/{id}                  ->      Response delete(Long)         
18-Aug-2020 22:06:06.295 INFO [main] org.apache.openejb.server.cxf.rs.CxfRsHttpListener.logEndpoints               GET http://localhost:8080/data/posts                       ->      Response getAllPosts()        
18-Aug-2020 22:06:06.295 INFO [main] org.apache.openejb.server.cxf.rs.CxfRsHttpListener.logEndpoints               GET http://localhost:8080/data/posts/{id}                  ->      Response getPostById(Long)    
18-Aug-2020 22:06:06.295 INFO [main] org.apache.openejb.server.cxf.rs.CxfRsHttpListener.logEndpoints              POST http://localhost:8080/data/posts                       ->      Response create(Post, UriInfo)
18-Aug-2020 22:06:06.295 INFO [main] org.apache.openejb.server.cxf.rs.CxfRsHttpListener.logEndpoints               PUT http://localhost:8080/data/posts/{id}                  ->      Response update(Long, Post)   
18-Aug-2020 22:06:06.320 INFO [main] sun.reflect.DelegatingMethodAccessorImpl.invoke Deployment of web application archive [C:\Users\kevin\OneDrive\Documentos\5 Quinto de TI\Desarrollo Basado en Plataformas\java-microservices\web\web\.distribution\apache-tomee\webapps\ROOT.war] has finished in [29,937] ms
18-Aug-2020 22:06:06.327 INFO [main] org.apache.catalina.core.StandardContext.setClassLoaderProperty Unable to set the web application class loader property [clearReferencesRmiTargets] to [true] as the property does not exist.
18-Aug-2020 22:06:06.327 INFO [main] org.apache.catalina.core.StandardContext.setClassLoaderProperty Unable to set the web application class loader property [clearReferencesObjectStreamClassCaches] to [true] as the property does not exist.
18-Aug-2020 22:06:06.327 INFO [main] org.apache.catalina.core.StandardContext.setClassLoaderProperty Unable to set the web application class loader property [clearReferencesObjectStreamClassCaches] to [true] as the property does not exist.
18-Aug-2020 22:06:06.327 INFO [main] org.apache.catalina.core.StandardContext.setClassLoaderProperty Unable to set the web application class loader property [clearReferencesThreadLocals] to [true] as the property does not exist.
18-Aug-2020 22:06:06.333 INFO [main] sun.reflect.DelegatingMethodAccessorImpl.invoke Starting ProtocolHandler ["http-nio-8080"]
18-Aug-2020 22:06:06.338 INFO [main] sun.reflect.DelegatingMethodAccessorImpl.invoke Starting ProtocolHandler ["ajp-nio-8009"]
18-Aug-2020 22:06:06.341 INFO [main] sun.reflect.DelegatingMethodAccessorImpl.invoke Server startup in [30,001] milliseconds
18-Aug-2020 22:06:54.146 INFO [http-nio-8080-exec-8] org.hibernate.jpa.internal.util.LogHelper.logPersistenceUnitInformation HHH000204: Processing PersistenceUnitInfo [name: Persistence]
18-Aug-2020 22:06:54.364 INFO [http-nio-8080-exec-8] org.hibernate.Version.logVersion HHH000412: Hibernate Core {5.4.3.Final}
18-Aug-2020 22:06:54.795 INFO [http-nio-8080-exec-8] org.hibernate.annotations.common.reflection.java.JavaReflectionManager.<clinit> HCANN000001: Hibernate Commons Annotations {5.1.0.Final}
18-Aug-2020 22:06:55.244 INFO [http-nio-8080-exec-8] org.hibernate.dialect.Dialect.<init> HHH000400: Using dialect: org.hibernate.dialect.PostgreSQL10Dialect
18-Aug-2020 22:08:00.576 INFO [http-nio-8080-exec-8] org.hibernate.engine.transaction.jta.platform.internal.JtaPlatformInitiator.initiateService HHH000490: Using JtaPlatform implementation: [org.apache.openejb.hibernate.OpenEJBJtaPlatform2]
18-Aug-2020 22:08:01.903 INFO [http-nio-8080-exec-8] org.apache.openejb.assembler.classic.ReloadableEntityManagerFactory.createDelegate PersistenceUnit(name=Persistence, provider=org.hibernate.jpa.HibernatePersistenceProvider) - provider time 67841ms
